La génération a démarré 15/12/2012 17:56:01.
     1>Projet "C:\Users\Quentin\Desktop\GitHub\MTIDirectX2012\DirectX\dx9_particle_system\dx9_particle_system.vcxproj" sur le nœud 2 (Build cible(s)).
     1>ClCompile:
         C:\Program Files (x86)\Microsoft Visual Studio 11.0\VC\bin\CL.exe /c /Zi /nologo /W3 /WX- /Od /Oy- /D WIN32 /D _DEBUG /D _WINDOWS /D _MBCS /Gm- /EHsc /MTd /GS /fp:precise /Zc:wchar_t /Zc:forScope /Fo".\Debug/" /Fd".\Debug/vc110.pdb" /FR".\Debug\\" /Gd /TP /analyze- /errorReport:prompt dx9_particle_system.cpp particlesystem.cpp
         dx9_particle_system.cpp
         particlesystem.cpp
     1>particlesystem.cpp(157): warning C4996: 'strcpy': This function or variable may be unsafe. Consider using strcpy_s instead. To disable deprecation, use _CRT_SECURE_NO_WARNINGS. See online help for details.
                 C:\Program Files (x86)\Microsoft Visual Studio 11.0\VC\include\string.h(110) : voir la déclaration de 'strcpy'
     1>particlesystem.cpp(227): warning C4101: 'pPlane' : variable locale non référencée
     1>particlesystem.cpp(228): warning C4101: 'ppPlane' : variable locale non référencée
         Génération de code en cours...
       ResourceCompile:
         C:\Program Files (x86)\Windows Kits\8.0\bin\x86\rc.exe /D _DEBUG /l"0x0409" /nologo /fo".\Debug\dx9_particle_system.res" dx9_particle_system.rc 
       Link:
         C:\Program Files (x86)\Microsoft Visual Studio 11.0\VC\bin\link.exe /ERRORREPORT:PROMPT /OUT:".\Debug/dx9_particle_system.exe" /NOLOGO d3dx9.lib d3d9.lib winmm.lib kernel32.lib user32.lib gdi32.lib winspool.lib comdlg32.lib advapi32.lib shell32.lib ole32.lib oleaut32.lib uuid.lib odbc32.lib odbccp32.lib /MANIFEST /MANIFESTUAC:"level='asInvoker' uiAccess='false'" /manifest:embed /DEBUG /PDB:".\Debug/dx9_particle_system.pdb" /SUBSYSTEM:WINDOWS /TLBID:1 /DYNAMICBASE /NXCOMPAT /IMPLIB:".\Debug\dx9_particle_system.lib" /MACHINE:X86 /SAFESEH .\Debug\dx9_particle_system.res
         .\Debug/dx9_particle_system.obj
         .\Debug/particlesystem.obj
     1>LINK : fatal error LNK1207: format PDB non compatible dans 'C:\Users\Quentin\Desktop\GitHub\MTIDirectX2012\DirectX\dx9_particle_system\Debug\dx9_particle_system.pdb' ; supprimez et régénérez
     1>Génération du projet "C:\Users\Quentin\Desktop\GitHub\MTIDirectX2012\DirectX\dx9_particle_system\dx9_particle_system.vcxproj" terminée (Build cible(s)) -- ÉCHEC.

ÉCHEC de la build.

Temps écoulé 00:00:01.92
