Build started 15/12/2012 14:50:42.
     1>Project "E:\Dropbox\Projets\DirectX\DirectX\TP1\TP\3DTP\3DTP.vcxproj" on node 2 (Build target(s)).
     1>ClCompile:
         C:\Program Files (x86)\Microsoft Visual Studio 11.0\VC\bin\CL.exe /c /Zi /nologo /W3 /WX- /O2 /Oi /Oy- /GL /D WIN32 /D NDEBUG /D _WINDOWS /Gm- /EHsc /MD /GS /Gy /fp:precise /Zc:wchar_t /Zc:forScope /Yu"stdafx.h" /Fp"Release\3DTP.pch" /Fo"Release\\" /Fd"Release\vc110.pdb" /Gd /TP /analyze- /errorReport:prompt 3DTP.cpp cube.cpp
         3DTP.cpp
     1>3DTP.cpp(39): warning C4244: 'initializing' : conversion from 'float' to 'int', possible loss of data
     1>3DTP.cpp(46): warning C4244: 'initializing' : conversion from 'int' to 'float', possible loss of data
     1>3DTP.cpp(137): warning C4305: 'argument' : truncation from 'double' to 'FLOAT'
     1>3DTP.cpp(275): warning C4244: '=' : conversion from 'double' to 'float', possible loss of data
     1>3DTP.cpp(276): warning C4244: '=' : conversion from 'double' to 'float', possible loss of data
     1>3DTP.cpp(282): warning C4244: '=' : conversion from 'double' to 'float', possible loss of data
     1>3DTP.cpp(283): warning C4244: '=' : conversion from 'double' to 'float', possible loss of data
     1>3DTP.cpp(288): warning C4244: '+=' : conversion from 'double' to 'float', possible loss of data
     1>3DTP.cpp(293): warning C4244: '-=' : conversion from 'double' to 'float', possible loss of data
     1>3DTP.cpp(319): warning C4244: '=' : conversion from 'double' to 'float', possible loss of data
     1>3DTP.cpp(320): warning C4244: '=' : conversion from 'double' to 'float', possible loss of data
     1>3DTP.cpp(326): warning C4244: '=' : conversion from 'double' to 'float', possible loss of data
     1>3DTP.cpp(327): warning C4244: '=' : conversion from 'double' to 'float', possible loss of data
         cube.cpp
     1>cube.cpp(11): warning C4244: 'initializing' : conversion from 'float' to 'int', possible loss of data
     1>cube.cpp(13): warning C4244: 'initializing' : conversion from 'float' to 'int', possible loss of data
     1>cube.cpp(16): warning C4244: 'argument' : conversion from 'int' to 'FLOAT', possible loss of data
     1>cube.cpp(18): warning C4244: 'argument' : conversion from 'int' to 'FLOAT', possible loss of data
     1>cube.cpp(20): warning C4244: 'argument' : conversion from 'int' to 'FLOAT', possible loss of data
     1>cube.cpp(22): warning C4244: 'argument' : conversion from 'int' to 'FLOAT', possible loss of data
     1>cube.cpp(24): warning C4244: 'argument' : conversion from 'int' to 'FLOAT', possible loss of data
     1>cube.cpp(26): warning C4244: 'argument' : conversion from 'int' to 'FLOAT', possible loss of data
       Link:
         C:\Program Files (x86)\Microsoft Visual Studio 11.0\VC\bin\link.exe /ERRORREPORT:PROMPT /OUT:"E:\Dropbox\Projets\DirectX\DirectX\TP1\TP\Release\3DTP.exe" /INCREMENTAL:NO /NOLOGO d3d9.lib d3dx9.lib kernel32.lib user32.lib gdi32.lib winspool.lib comdlg32.lib advapi32.lib shell32.lib ole32.lib oleaut32.lib uuid.lib odbc32.lib odbccp32.lib kernel32.lib user32.lib gdi32.lib winspool.lib comdlg32.lib advapi32.lib shell32.lib ole32.lib oleaut32.lib uuid.lib odbc32.lib odbccp32.lib /MANIFEST /MANIFESTUAC:"level='asInvoker' uiAccess='false'" /manifest:embed /DEBUG /PDB:"E:\Dropbox\Projets\DirectX\DirectX\TP1\TP\Release\3DTP.pdb" /SUBSYSTEM:WINDOWS /OPT:REF /OPT:ICF /LTCG /TLBID:1 /DYNAMICBASE /NXCOMPAT /IMPLIB:"E:\Dropbox\Projets\DirectX\DirectX\TP1\TP\Release\3DTP.lib" /MACHINE:X86 /SAFESEH Release\3DTP.obj
         Release\cube.obj
         Release\stdafx.obj
         Generating code
         Finished generating code
         3DTP.vcxproj -> E:\Dropbox\Projets\DirectX\DirectX\TP1\TP\Release\3DTP.exe
     1>Done Building Project "E:\Dropbox\Projets\DirectX\DirectX\TP1\TP\3DTP\3DTP.vcxproj" (Build target(s)).

Build succeeded.

Time Elapsed 00:00:01.40
